#
# There is insufficient memory for the Java Runtime Environment to continue.
# Native memory allocation (malloc) failed to allocate 350496 bytes for Chunk::new
# Possible reasons:
#   The system is out of physical RAM or swap space
#   The process is running with CompressedOops enabled, and the Java Heap may be blocking the growth of the native heap
# Possible solutions:
#   Reduce memory load on the system
#   Increase physical memory or swap space
#   Check if swap backing store is full
#   Decrease Java heap size (-Xmx/-Xms)
#   Decrease number of Java threads
#   Decrease Java thread stack sizes (-Xss)
#   Set larger code cache with -XX:ReservedCodeCacheSize=
#   JVM is running with Zero Based Compressed Oops mode in which the Java heap is
#     placed in the first 32GB address space. The Java Heap base address is the
#     maximum limit for the native heap growth. Please use -XX:HeapBaseMinAddress
#     to set the Java Heap base and to place the Java Heap above 32GB virtual address.
# This output file may be truncated or incomplete.
#
#  Out of Memory Error (allocation.cpp:389), pid=54224, tid=0x000000000000b638
#
# JRE version: Java(TM) SE Runtime Environment (8.0_251-b08) (build 1.8.0_251-b08)
# Java VM: Java HotSpot(TM) 64-Bit Server VM (25.251-b08 mixed mode windows-amd64 compressed oops)
# Failed to write core dump. Minidumps are not enabled by default on client versions of Windows
#

---------------  T H R E A D  ---------------

Current thread (0x000000001e5cf800):  JavaThread "C2 CompilerThread0" daemon [_thread_in_native, id=46648, stack(0x000000001ef60000,0x000000001f060000)]

Stack: [0x000000001ef60000,0x000000001f060000]
[error occurred during error reporting (printing stack bounds), id 0xc0000005]

Native frames: (J=compiled Java code, j=interpreted, Vv=VM code, C=native code)


Current CompileTask:
C2:   3037  373       4       java.io.WinNTFileSystem::normalize (143 bytes)


---------------  P R O C E S S  ---------------

Java Threads: ( => current thread )
  0x000000001e676800 JavaThread "Service Thread" daemon [_thread_blocked, id=46564, stack(0x000000001f360000,0x000000001f460000)]
  0x000000001e643800 JavaThread "C1 CompilerThread3" daemon [_thread_in_native, id=53872, stack(0x000000001f260000,0x000000001f360000)]
  0x000000001e5d8000 JavaThread "C2 CompilerThread2" daemon [_thread_in_native, id=54008, stack(0x000000001f160000,0x000000001f260000)]
  0x000000001e5d1800 JavaThread "C2 CompilerThread1" daemon [_thread_blocked, id=51352, stack(0x000000001f060000,0x000000001f160000)]
=>0x000000001e5cf800 JavaThread "C2 CompilerThread0" daemon [_thread_in_native, id=46648, stack(0x000000001ef60000,0x000000001f060000)]
  0x000000001e5ce000 JavaThread "Monitor Ctrl-Break" daemon [_thread_in_native, id=48404, stack(0x000000001ee60000,0x000000001ef60000)]
  0x000000001e567000 JavaThread "Attach Listener" daemon [_thread_blocked, id=49204, stack(0x000000001ed60000,0x000000001ee60000)]
  0x000000001e565000 JavaThread "Signal Dispatcher" daemon [_thread_blocked, id=52504, stack(0x000000001ec60000,0x000000001ed60000)]
  0x000000001e550800 JavaThread "Finalizer" daemon [_thread_blocked, id=45736, stack(0x000000001ea30000,0x000000001eb30000)]
  0x000000001c76d000 JavaThread "Reference Handler" daemon [_thread_blocked, id=20844, stack(0x000000001e930000,0x000000001ea30000)]
  0x0000000002b83000 JavaThread "main" [_thread_in_vm, id=34044, stack(0x00000000028e0000,0x00000000029e0000)]

Other Threads:
  0x000000001c769000 VMThread [stack: 0x000000001e430000,0x000000001e530000] [id=50584]
  0x000000001e657800 WatcherThread [stack: 0x000000001f460000,0x000000001f560000] [id=31764]

VM state:not at safepoint (normal execution)

VM Mutex/Monitor currently owned by a thread: None

heap address: 0x00000006c0400000, size: 4092 MB, Compressed Oops mode: Zero based, Oop shift amount: 3
Narrow klass base: 0x0000000000000000, Narrow klass shift: 3
Compressed class space size: 1073741824 Address: 0x00000007c0000000

Heap:
 PSYoungGen      total 76288K, used 13109K [0x000000076ac00000, 0x0000000770100000, 0x00000007c0000000)
  eden space 65536K, 20% used [0x000000076ac00000,0x000000076b8cd658,0x000000076ec00000)
  from space 10752K, 0% used [0x000000076f680000,0x000000076f680000,0x0000000770100000)
  to   space 10752K, 0% used [0x000000076ec00000,0x000000076ec00000,0x000000076f680000)
 ParOldGen       total 175104K, used 0K [0x00000006c0400000, 0x00000006caf00000, 0x000000076ac00000)
  object space 175104K, 0% used [0x00000006c0400000,0x00000006c0400000,0x00000006caf00000)
 Metaspace       used 5494K, capacity 5628K, committed 5888K, reserved 1058816K
  class space    used 595K, capacity 664K, committed 768K, reserved 1048576K

Card table byte_map: [0x0000000012040000,0x0000000012840000] byte_map_base: 0x000000000ea3e000

Marking Bits: (ParMarkBitMap*) 0x000000006bfcaf90
 Begin Bits: [0x00000000135a0000, 0x0000000017590000)
 End Bits:   [0x0000000017590000, 0x000000001b580000)

Polling page: 0x00000000007f0000

CodeCache: size=245760Kb used=1995Kb max_used=1995Kb free=243764Kb
 bounds [0x0000000002c80000, 0x0000000002ef0000, 0x0000000011c80000]
 total_blobs=665 nmethods=374 adapters=205
 compilation: enabled

Compilation events (10 events):
Event: 2.457 Thread 0x000000001e643800  372       3       java.lang.Exception::<init> (7 bytes)
Event: 2.457 Thread 0x000000001e5d1800 nmethod 370 0x0000000002e67cd0 code [0x0000000002e67e00, 0x0000000002e67e58]
Event: 2.458 Thread 0x000000001e643800 nmethod 372 0x0000000002e6fd90 code [0x0000000002e6ff00, 0x0000000002e70088]
Event: 2.458 Thread 0x000000001e5cf800  373       4       java.io.WinNTFileSystem::normalize (143 bytes)
Event: 2.460 Thread 0x000000001e643800  374   !   3       java.net.URL::<init> (543 bytes)
Event: 2.463 Thread 0x000000001e643800 nmethod 374 0x0000000002e70110 code [0x0000000002e705c0, 0x0000000002e737a8]
Event: 2.463 Thread 0x000000001e643800  375       3       sun.net.www.protocol.file.Handler::parseURL (18 bytes)
Event: 2.464 Thread 0x000000001e643800 nmethod 375 0x0000000002e6f890 code [0x0000000002e6fa00, 0x0000000002e6fc78]
Event: 2.464 Thread 0x000000001e643800  376       3       java.net.URLStreamHandler::parseURL (1193 bytes)
Event: 2.464 Thread 0x000000001e5d8000  378 %     4       java.lang.String::replace @ 55 (127 bytes)

GC Heap History (0 events):
No events

Deoptimization events (0 events):
No events

Classes redefined (0 events):
No events

Internal exceptions (9 events):
Event: 0.098 Thread 0x0000000002b83000 Exception <a 'java/lang/NoSuchMethodError': Method sun.misc.Unsafe.defineClass(Ljava/lang/String;[BII)Ljava/lang/Class; name or signature does not match> (0x000000076ac07cc0) thrown at [C:\jenkins\workspace\8-2-build-windows-amd64-cygwin\jdk8u251\737\hots
Event: 0.098 Thread 0x0000000002b83000 Exception <a 'java/lang/NoSuchMethodError': Method sun.misc.Unsafe.prefetchRead(Ljava/lang/Object;J)V name or signature does not match> (0x000000076ac07fa8) thrown at [C:\jenkins\workspace\8-2-build-windows-amd64-cygwin\jdk8u251\737\hotspot\src\share\vm\p
Event: 0.252 Thread 0x0000000002b83000 Exception <a 'java/util/zip/ZipException'> (0x000000076ac8ebc0) thrown at [C:\jenkins\workspace\8-2-build-windows-amd64-cygwin\jdk8u251\737\hotspot\src\share\vm\prims\jni.cpp, line 710]
Event: 0.252 Thread 0x0000000002b83000 Exception <a 'java/security/PrivilegedActionException'> (0x000000076ac8f2f8) thrown at [C:\jenkins\workspace\8-2-build-windows-amd64-cygwin\jdk8u251\737\hotspot\src\share\vm\prims\jvm.cpp, line 1502]
Event: 0.253 Thread 0x0000000002b83000 Exception <a 'java/security/PrivilegedActionException'> (0x000000076ac8f508) thrown at [C:\jenkins\workspace\8-2-build-windows-amd64-cygwin\jdk8u251\737\hotspot\src\share\vm\prims\jvm.cpp, line 1502]
Event: 0.446 Thread 0x000000001e567000 Exception <a 'java/security/PrivilegedActionException'> (0x000000076b1a0900) thrown at [C:\jenkins\workspace\8-2-build-windows-amd64-cygwin\jdk8u251\737\hotspot\src\share\vm\prims\jvm.cpp, line 1502]
Event: 0.446 Thread 0x000000001e567000 Exception <a 'java/security/PrivilegedActionException'> (0x000000076b1a0cf8) thrown at [C:\jenkins\workspace\8-2-build-windows-amd64-cygwin\jdk8u251\737\hotspot\src\share\vm\prims\jvm.cpp, line 1502]
Event: 0.447 Thread 0x000000001e567000 Exception <a 'java/security/PrivilegedActionException'> (0x000000076b1a4df0) thrown at [C:\jenkins\workspace\8-2-build-windows-amd64-cygwin\jdk8u251\737\hotspot\src\share\vm\prims\jvm.cpp, line 1502]
Event: 0.447 Thread 0x000000001e567000 Exception <a 'java/security/PrivilegedActionException'> (0x000000076b1a51e8) thrown at [C:\jenkins\workspace\8-2-build-windows-amd64-cygwin\jdk8u251\737\hotspot\src\share\vm\prims\jvm.cpp, line 1502]

Events (10 events):
Event: 2.462 loading class org/codehaus/plexus/util/IOUtil
Event: 2.462 loading class org/codehaus/plexus/util/IOUtil done
Event: 2.463 loading class java/io/StringWriter
Event: 2.463 loading class java/io/StringWriter done
Event: 2.463 loading class java/io/StringReader
Event: 2.464 loading class java/io/StringReader done
Event: 2.464 loading class org/apache/maven/cli/logging/impl/Slf4jSimpleConfiguration
Event: 2.464 loading class org/apache/maven/cli/logging/impl/Slf4jSimpleConfiguration done
Event: 2.465 loading class org/apache/maven/cli/logging/BaseSlf4jConfiguration
Event: 2.465 loading class org/apache/maven/cli/logging/BaseSlf4jConfiguration done


Dynamic libraries:
0x00007ff7cb0e0000 - 0x00007ff7cb117000 	C:\Program Files\Java\jdk1.8.0_251\bin\java.exe
0x00007ffb75b20000 - 0x00007ffb75d10000 	C:\WINDOWS\SYSTEM32\ntdll.dll
0x00007ffb74d30000 - 0x00007ffb74de2000 	C:\WINDOWS\System32\KERNEL32.DLL
0x00007ffb73920000 - 0x00007ffb73bc5000 	C:\WINDOWS\System32\KERNELBASE.dll
0x00007ffb75420000 - 0x00007ffb754c3000 	C:\WINDOWS\System32\ADVAPI32.dll
0x00007ffb758c0000 - 0x00007ffb7595e000 	C:\WINDOWS\System32\msvcrt.dll
0x00007ffb73bd0000 - 0x00007ffb73c67000 	C:\WINDOWS\System32\sechost.dll
0x00007ffb759c0000 - 0x00007ffb75adf000 	C:\WINDOWS\System32\RPCRT4.dll
0x00007ffb754f0000 - 0x00007ffb75684000 	C:\WINDOWS\System32\USER32.dll
0x00007ffb73550000 - 0x00007ffb73571000 	C:\WINDOWS\System32\win32u.dll
0x00007ffb75890000 - 0x00007ffb758b6000 	C:\WINDOWS\System32\GDI32.dll
0x00007ffb72c00000 - 0x00007ffb72d98000 	C:\WINDOWS\System32\gdi32full.dll
0x00007ffb737d0000 - 0x00007ffb7386e000 	C:\WINDOWS\System32\msvcp_win.dll
0x00007ffb73580000 - 0x00007ffb7367a000 	C:\WINDOWS\System32\ucrtbase.dll
0x00007ffb6b210000 - 0x00007ffb6b494000 	C:\WINDOWS\WinSxS\amd64_microsoft.windows.common-controls_6595b64144ccf1df_6.0.18362.1379_none_9e7ff3b3e45cc0c4\COMCTL32.dll
0x00007ffb74ff0000 - 0x00007ffb75327000 	C:\WINDOWS\System32\combase.dll
0x00007ffb72aa0000 - 0x00007ffb72b21000 	C:\WINDOWS\System32\bcryptPrimitives.dll
0x00007ffb74f50000 - 0x00007ffb74f7e000 	C:\WINDOWS\System32\IMM32.DLL
0x000000006c050000 - 0x000000006c122000 	C:\Program Files\Java\jdk1.8.0_251\jre\bin\msvcr100.dll
0x000000006b7a0000 - 0x000000006c04b000 	C:\Program Files\Java\jdk1.8.0_251\jre\bin\server\jvm.dll
0x00007ffb754d0000 - 0x00007ffb754d8000 	C:\WINDOWS\System32\PSAPI.DLL
0x00007ffb71370000 - 0x00007ffb7137a000 	C:\WINDOWS\SYSTEM32\VERSION.dll
0x00007ffb6ffb0000 - 0x00007ffb6ffd4000 	C:\WINDOWS\SYSTEM32\WINMM.dll
0x00007ffb6fb20000 - 0x00007ffb6fb4d000 	C:\WINDOWS\SYSTEM32\WINMMBASE.dll
0x00007ffb738d0000 - 0x00007ffb7391a000 	C:\WINDOWS\System32\cfgmgr32.dll
0x00007ffb6f190000 - 0x00007ffb6f199000 	C:\WINDOWS\SYSTEM32\WSOCK32.dll
0x0000000000fc0000 - 0x000000000102f000 	C:\WINDOWS\System32\ws2_32.DLL
0x00007ffb66460000 - 0x00007ffb6646f000 	C:\Program Files\Java\jdk1.8.0_251\jre\bin\verify.dll
0x00007ffb65690000 - 0x00007ffb656b9000 	C:\Program Files\Java\jdk1.8.0_251\jre\bin\java.dll
0x00007ffb5b930000 - 0x00007ffb5b953000 	C:\Program Files\Java\jdk1.8.0_251\jre\bin\instrument.dll
0x00007ffb65960000 - 0x00007ffb65976000 	C:\Program Files\Java\jdk1.8.0_251\jre\bin\zip.dll
0x00007ffb73e20000 - 0x00007ffb74508000 	C:\WINDOWS\System32\SHELL32.dll
0x00007ffb74650000 - 0x00007ffb746f7000 	C:\WINDOWS\System32\shcore.dll
0x00007ffb72dd0000 - 0x00007ffb7354b000 	C:\WINDOWS\System32\windows.storage.dll
0x00007ffb72a20000 - 0x00007ffb72a43000 	C:\WINDOWS\System32\profapi.dll
0x00007ffb72a50000 - 0x00007ffb72a9a000 	C:\WINDOWS\System32\powrprof.dll
0x00007ffb729d0000 - 0x00007ffb729e0000 	C:\WINDOWS\System32\UMPDC.dll
0x00007ffb74cd0000 - 0x00007ffb74d22000 	C:\WINDOWS\System32\shlwapi.dll
0x00007ffb72a00000 - 0x00007ffb72a11000 	C:\WINDOWS\System32\kernel.appcore.dll
0x00007ffb72b30000 - 0x00007ffb72b47000 	C:\WINDOWS\System32\cryptsp.dll
0x00007ffb5a410000 - 0x00007ffb5a42a000 	C:\Program Files\JetBrains\IntelliJ IDEA Community Edition 2020.1\bin\breakgen64.dll
0x00007ffb58320000 - 0x00007ffb5833a000 	C:\Program Files\Java\jdk1.8.0_251\jre\bin\net.dll
0x00007ffb721b0000 - 0x00007ffb72217000 	C:\WINDOWS\system32\mswsock.dll
0x00007ffb71d30000 - 0x00007ffb71d63000 	C:\WINDOWS\system32\rsaenh.dll
0x00007ffb72da0000 - 0x00007ffb72dc6000 	C:\WINDOWS\System32\bcrypt.dll
0x00007ffb728b0000 - 0x00007ffb728d5000 	C:\WINDOWS\SYSTEM32\USERENV.dll
0x00007ffb72380000 - 0x00007ffb7238c000 	C:\WINDOWS\SYSTEM32\CRYPTBASE.dll
0x00007ffb71ec0000 - 0x00007ffb71efa000 	C:\WINDOWS\SYSTEM32\IPHLPAPI.DLL
0x00007ffb754e0000 - 0x00007ffb754e8000 	C:\WINDOWS\System32\NSI.dll
0x00007ffb6c700000 - 0x00007ffb6c716000 	C:\WINDOWS\SYSTEM32\dhcpcsvc6.DLL
0x00007ffb6c8d0000 - 0x00007ffb6c8ec000 	C:\WINDOWS\SYSTEM32\dhcpcsvc.DLL
0x00007ffb71f00000 - 0x00007ffb71fcb000 	C:\WINDOWS\SYSTEM32\DNSAPI.dll
0x00007ffb57b20000 - 0x00007ffb57b32000 	C:\Program Files\Java\jdk1.8.0_251\jre\bin\nio.dll
0x00007ffb663e0000 - 0x00007ffb663ea000 	C:\Users\Maxime\AppData\Local\Temp\jansi-1.17.1-433516361117530714.dll
0x00007ffb66110000 - 0x00007ffb6611a000 	C:\Users\Maxime\AppData\Local\Temp\jansi-1.17.1-6099342578371406068.dll

VM Arguments:
jvm_args: -Dmaven.multiModuleProjectDirectory=C:\Users\Maxime\Documents\IdeaProjects\EuraCraft\ThePurge -Dmaven.home=C:\Program Files\JetBrains\IntelliJ IDEA Community Edition 2020.1\plugins\maven\lib\maven3 -Dclassworlds.conf=C:\Program Files\JetBrains\IntelliJ IDEA Community Edition 2020.1\plugins\maven\lib\maven3\bin\m2.conf -Dmaven.ext.class.path=C:\Program Files\JetBrains\IntelliJ IDEA Community Edition 2020.1\plugins\maven\lib\maven-event-listener.jar -javaagent:C:\Program Files\JetBrains\IntelliJ IDEA Community Edition 2020.1\lib\idea_rt.jar=35937:C:\Program Files\JetBrains\IntelliJ IDEA Community Edition 2020.1\bin -Dfile.encoding=UTF-8 
java_command: org.codehaus.classworlds.Launcher -Didea.version=2020.2.3 clean install
java_class_path (initial): C:\Program Files\JetBrains\IntelliJ IDEA Community Edition 2020.1\plugins\maven\lib\maven3\boot\plexus-classworlds-2.6.0.jar;C:\Program Files\JetBrains\IntelliJ IDEA Community Edition 2020.1\plugins\maven\lib\maven3\boot\plexus-classworlds.license;C:\Program Files\JetBrains\IntelliJ IDEA Community Edition 2020.1\lib\idea_rt.jar
Launcher Type: SUN_STANDARD

Environment Variables:
JAVA_HOME=C:\Program Files\Java\jdk1.8.0_251
PATH=C:\Program Files (x86)\Razer Chroma SDK\bin;C:\Program Files\Razer Chroma SDK\bin;C:\Program Files (x86)\Razer\ChromaBroadcast\bin;C:\Program Files\Razer\ChromaBroadcast\bin;C:\Program Files (x86)\Common Files\Oracle\Java\javapath;C:\WINDOWS\system32;C:\WINDOWS;C:\WINDOWS\System32\Wbem;C:\WINDOWS\System32\WindowsPowerShell\v1.0\;C:\WINDOWS\System32\OpenSSH\;C:\Gradle\bin;C:\Maven\bin;C:\Program Files\Git\cmd;C:\Program Files\PuTTY\;C:\Program Files\dotnet\;C:\msys64\mingw64\bin;C:\Program Files\nodejs\;C:\Users\Maxime\AppData\Local\Microsoft\WindowsApps;C:\Users\Maxime\.dotnet\tools;;%SystemRoot%\system32;%SystemRoot%;%SystemRoot%\System32\Wbem;%SYSTEMROOT%\System32\WindowsPowerShell\v1.0\;%SYSTEMROOT%\System32\OpenSSH\;C:\Users\Maxime\AppData\Local\Programs\Python\Python38-32\Scripts\;C:\Users\Maxime\AppData\Local\Programs\Python\Python38-32\;C:\Users\Maxime\AppData\Local\Microsoft\WindowsApps;C:\Program Files\CMake\bin;C:\msys64\mingw64\bin;C:\Users\Maxime\AppData\Roaming\npm;C:\Users\Maxime\AppData\Local\Programs\Microsoft VS Code\bin;C:\Program Files (x86)\Nmap;
USERNAME=Maxime
OS=Windows_NT
PROCESSOR_IDENTIFIER=AMD64 Family 21 Model 2 Stepping 0, AuthenticAMD



---------------  S Y S T E M  ---------------

OS: Windows 10.0 , 64 bit Build 18362 (10.0.18362.1350)

CPU:total 8 (initial active 8) (8 cores per cpu, 1 threads per core) family 21 model 2 stepping 0, cmov, cx8, fxsr, mmx, sse, sse2, sse3, ssse3, sse4.1, sse4.2, popcnt, avx, aes, clmul, mmxext, 3dnowpref, lzcnt, sse4a, tsc, tscinvbit, tscinv, bmi1

Memory: 4k page, physical 16758900k(4122812k free), swap 18806900k(282184k free)

vm_info: Java HotSpot(TM) 64-Bit Server VM (25.251-b08) for windows-amd64 JRE (1.8.0_251-b08), built on Mar 12 2020 06:31:49 by "" with MS VC++ 10.0 (VS2010)

time: Thu Mar 11 09:42:47 2021
timezone: Europe de l’Ouest
elapsed time: 3 seconds (0d 0h 0m 3s)

